<?xml version="1.0" encoding="UTF-8"?>
<testsuite name="org.loose.fis.sre.vindeMasinaTest" tests="1" skipped="0" failures="0" errors="0" timestamp="2022-06-29T13:21:39" hostname="DESKTOP-03G6HGI" time="5.77">
  <properties/>
  <testcase name="vindeMasinaTest(FxRobot)" classname="org.loose.fis.sre.vindeMasinaTest" time="5.77"/>
  <system-out><![CDATA[]]></system-out>
  <system-err><![CDATA[Jun 29, 2022 4:21:39 PM javafx.fxml.FXMLLoader$ValueElement processValue
WARNING: Loading FXML document with JavaFX API of version 18 by JavaFX runtime of version 15.0.1
Jun 29, 2022 4:21:44 PM javafx.fxml.FXMLLoader$ValueElement processValue
WARNING: Loading FXML document with JavaFX API of version 18 by JavaFX runtime of version 15.0.1
]]></system-err>
</testsuite>
